[INFO ] 2023-10-03 19:42:48.179 [main] EtherApplication - Starting EtherApplication using Java 19.0.2 with PID 6268 (C:\Ether\anf\anf\target\classes started by mathe in C:\Ether\anf\anf)
[INFO ] 2023-10-03 19:42:48.186 [main] EtherApplication - No active profile set, falling back to 1 default profile: "default"
[ERROR] 2023-10-03 19:42:48.728 [main] ETHER - Teste de erro
[INFO ] 2023-10-03 19:42:48.728 [main] ETHER - Teste de log
[INFO ] 2023-10-03 19:42:48.887 [main] EtherApplication - Started EtherApplication in 1.056 seconds (process running for 2.033)
[ERROR] 2023-10-03 19:42:49.005 [scheduling-1] ETHER - Teste de erro
[INFO ] 2023-10-03 19:42:49.005 [scheduling-1] ETHER - Teste de log
[ERROR] 2023-10-03 19:42:50.003 [scheduling-1] ETHER - Teste de erro
[INFO ] 2023-10-03 19:42:50.009 [scheduling-1] ETHER - Teste de log
[ERROR] 2023-10-03 19:42:51.014 [scheduling-1] ETHER - Teste de erro
[INFO ] 2023-10-03 19:42:51.014 [scheduling-1] ETHER - Teste de log
[ERROR] 2023-10-03 19:42:52.012 [scheduling-1] ETHER - Teste de erro
[INFO ] 2023-10-03 19:42:52.013 [scheduling-1] ETHER - Teste de log
[ERROR] 2023-10-03 19:42:53.010 [scheduling-1] ETHER - Teste de erro
[INFO ] 2023-10-03 19:42:53.010 [scheduling-1] ETHER - Teste de log
[ERROR] 2023-10-03 19:42:54.009 [scheduling-1] ETHER - Teste de erro
[INFO ] 2023-10-03 19:42:54.009 [scheduling-1] ETHER - Teste de log
[ERROR] 2023-10-03 19:42:55.009 [scheduling-1] ETHER - Teste de erro
[INFO ] 2023-10-03 19:42:55.009 [scheduling-1] ETHER - Teste de log
[INFO ] 2023-10-03 19:52:43.824 [main] EtherApplication - Starting EtherApplication using Java 19.0.2 with PID 17648 (C:\Ether\anf\anf\target\classes started by mathe in C:\Ether\anf\anf)
[INFO ] 2023-10-03 19:52:43.829 [main] EtherApplication - No active profile set, falling back to 1 default profile: "default"
[INFO ] 2023-10-03 19:52:44.448 [main] ETHER - Iniciando o processo de login no site do Sócio Torcedor | Dia: 03/10/2023 19:52:44
[INFO ] 2023-10-03 19:52:45.927 [main] WebDriverManager - Using chromedriver 117.0.5938.92 (resolved driver for Chrome 117)
[INFO ] 2023-10-03 19:52:45.941 [main] WebDriverManager - Exporting webdriver.chrome.driver as C:\Users\mathe\.cache\selenium\chromedriver\win64\117.0.5938.92\chromedriver.exe
[WARN ] 2023-10-03 19:52:47.914 [main] CdpVersionFinder - Unable to find an exact match for CDP version 117, so returning the closest version found: 114
[INFO ] 2023-10-03 19:52:53.055 [main] ETHER - Inserindo o e-mail: matheusoliveira1991@hotmail.com
[INFO ] 2023-10-03 19:52:53.447 [main] ETHER - Inserindo a senha: **********
[ERROR] 2023-10-03 19:52:55.001 [main] ETHER - Erro ao realizar o login no site do Sócio Torcedor
org.openqa.selenium.ElementClickInterceptedException: element click intercepted: Element is not clickable at point (742, 3536)
  (Session info: chrome=117.0.5938.132)
Build info: version: '4.8.3', revision: 'e5e76298c3'
System info: os.name: 'Windows 10', os.arch: 'amd64', os.version: '10.0', java.version: '19.0.2'
Driver info: org.openqa.selenium.chrome.ChromeDriver
Command: [22bad66a5fd62069c74fa1b0f3c5bceb, clickElement {id=3EA1224C315340DB5FB148F39EE2DCB0_element_9}]
Capabilities {acceptInsecureCerts: false, browserName: chrome, browserVersion: 117.0.5938.132, chrome: {chromedriverVersion: 117.0.5938.92 (67649b10b92b..., userDataDir: C:\Users\mathe\AppData\Loca...}, fedcm:accounts: true, goog:chromeOptions: {debuggerAddress: localhost:6633}, networkConnectionEnabled: false, pageLoadStrategy: normal, platformName: WINDOWS, proxy: Proxy(), se:cdp: ws://localhost:6633/devtool..., se:cdpVersion: 117.0.5938.132, setWindowRect: true, strictFileInteractability: false, timeouts: {implicit: 0, pageLoad: 300000, script: 30000}, unhandledPromptBehavior: dismiss and notify, webauthn:extension:credBlob: true, webauthn:extension:largeBlob: true, webauthn:extension:minPinLength: true, webauthn:extension:prf: true, webauthn:virtualAuthenticators: true}
Element: [[ChromeDriver: chrome on WINDOWS (22bad66a5fd62069c74fa1b0f3c5bceb)] -> xpath: //nav/a[text()=' EXPERIÊNCIAS ']]
Session ID: 22bad66a5fd62069c74fa1b0f3c5bceb
	at jdk.internal.reflect.DirectConstructorHandleAccessor.newInstance(DirectConstructorHandleAccessor.java:67) ~[?:?]
	at java.lang.reflect.Constructor.newInstanceWithCaller(Constructor.java:500) ~[?:?]
	at java.lang.reflect.Constructor.newInstance(Constructor.java:484) ~[?:?]
	at org.openqa.selenium.remote.codec.w3c.W3CHttpResponseCodec.createException(W3CHttpResponseCodec.java:200) ~[selenium-remote-driver-4.8.3.jar:?]
	at org.openqa.selenium.remote.codec.w3c.W3CHttpResponseCodec.decode(W3CHttpResponseCodec.java:133) ~[selenium-remote-driver-4.8.3.jar:?]
	at org.openqa.selenium.remote.codec.w3c.W3CHttpResponseCodec.decode(W3CHttpResponseCodec.java:53) ~[selenium-remote-driver-4.8.3.jar:?]
	at org.openqa.selenium.remote.HttpCommandExecutor.execute(HttpCommandExecutor.java:193) ~[selenium-remote-driver-4.8.3.jar:?]
	at org.openqa.selenium.remote.service.DriverCommandExecutor.invokeExecute(DriverCommandExecutor.java:183) ~[selenium-remote-driver-4.8.3.jar:?]
	at org.openqa.selenium.remote.service.DriverCommandExecutor.execute(DriverCommandExecutor.java:158) ~[selenium-remote-driver-4.8.3.jar:?]
	at org.openqa.selenium.remote.RemoteWebDriver.execute(RemoteWebDriver.java:543) ~[selenium-remote-driver-4.8.3.jar:?]
	at org.openqa.selenium.remote.RemoteWebElement.execute(RemoteWebElement.java:257) ~[selenium-remote-driver-4.8.3.jar:?]
	at org.openqa.selenium.remote.RemoteWebElement.click(RemoteWebElement.java:78) ~[selenium-remote-driver-4.8.3.jar:?]
	at br.com.ether.sociotorcedor.services.SocioTorcedorService.login(SocioTorcedor.java:64) ~[classes/:?]
	at br.com.ether.sociotorcedor.services.SocioTorcedorService.init(SocioTorcedor.java:32) ~[classes/:?]
	at br.com.ether.sociotorcedor.controller.ControllerST.init(ControllerST.java:23) ~[classes/:?]
	at jdk.internal.reflect.DirectMethodHandleAccessor.invoke(DirectMethodHandleAccessor.java:104) ~[?:?]
	at java.lang.reflect.Method.invoke(Method.java:578) ~[?:?]
	at org.springframework.beans.factory.annotation.InitDestroyAnnotationBeanPostProcessor$LifecycleMethod.invoke(InitDestroyAnnotationBeanPostProcessor.java:457) ~[spring-beans-6.0.12.jar:6.0.12]
	at org.springframework.beans.factory.annotation.InitDestroyAnnotationBeanPostProcessor$LifecycleMetadata.invokeInitMethods(InitDestroyAnnotationBeanPostProcessor.java:401) ~[spring-beans-6.0.12.jar:6.0.12]
	at org.springframework.beans.factory.annotation.InitDestroyAnnotationBeanPostProcessor.postProcessBeforeInitialization(InitDestroyAnnotationBeanPostProcessor.java:219) ~[spring-beans-6.0.12.jar:6.0.12]
	at org.springframework.beans.factory.support.AbstractAutowireCapableBeanFactory.applyBeanPostProcessorsBeforeInitialization(AbstractAutowireCapableBeanFactory.java:419) ~[spring-beans-6.0.12.jar:6.0.12]
	at org.springframework.beans.factory.support.AbstractAutowireCapableBeanFactory.initializeBean(AbstractAutowireCapableBeanFactory.java:1762) ~[spring-beans-6.0.12.jar:6.0.12]
	at org.springframework.beans.factory.support.AbstractAutowireCapableBeanFactory.doCreateBean(AbstractAutowireCapableBeanFactory.java:598) ~[spring-beans-6.0.12.jar:6.0.12]
	at org.springframework.beans.factory.support.AbstractAutowireCapableBeanFactory.createBean(AbstractAutowireCapableBeanFactory.java:520) ~[spring-beans-6.0.12.jar:6.0.12]
	at org.springframework.beans.factory.support.AbstractBeanFactory.lambda$doGetBean$0(AbstractBeanFactory.java:325) ~[spring-beans-6.0.12.jar:6.0.12]
	at org.springframework.beans.factory.support.DefaultSingletonBeanRegistry.getSingleton(DefaultSingletonBeanRegistry.java:234) [spring-beans-6.0.12.jar:6.0.12]
	at org.springframework.beans.factory.support.AbstractBeanFactory.doGetBean(AbstractBeanFactory.java:323) [spring-beans-6.0.12.jar:6.0.12]
	at org.springframework.beans.factory.support.AbstractBeanFactory.getBean(AbstractBeanFactory.java:199) [spring-beans-6.0.12.jar:6.0.12]
	at org.springframework.beans.factory.support.DefaultListableBeanFactory.preInstantiateSingletons(DefaultListableBeanFactory.java:973) [spring-beans-6.0.12.jar:6.0.12]
	at org.springframework.context.support.AbstractApplicationContext.finishBeanFactoryInitialization(AbstractApplicationContext.java:942) [spring-context-6.0.12.jar:6.0.12]
	at org.springframework.context.support.AbstractApplicationContext.refresh(AbstractApplicationContext.java:608) [spring-context-6.0.12.jar:6.0.12]
	at org.springframework.boot.SpringApplication.refresh(SpringApplication.java:737) [spring-boot-3.1.4.jar:3.1.4]
	at org.springframework.boot.SpringApplication.refreshContext(SpringApplication.java:439) [spring-boot-3.1.4.jar:3.1.4]
	at org.springframework.boot.SpringApplication.run(SpringApplication.java:315) [spring-boot-3.1.4.jar:3.1.4]
	at org.springframework.boot.SpringApplication.run(SpringApplication.java:1309) [spring-boot-3.1.4.jar:3.1.4]
	at org.springframework.boot.SpringApplication.run(SpringApplication.java:1298) [spring-boot-3.1.4.jar:3.1.4]
	at br.com.ether.EtherApplication.main(EtherApplication.java:10) [classes/:?]
[ERROR] 2023-10-03 19:52:55.019 [main] ETHER - Tentando novamente em 1 minuto
[INFO ] 2023-10-03 20:08:53.417 [main] EtherApplication - Starting EtherApplication using Java 19.0.2 with PID 17096 (C:\Ether\anf\anf\target\classes started by mathe in C:\Ether\anf\anf)
[INFO ] 2023-10-03 20:08:53.423 [main] EtherApplication - No active profile set, falling back to 1 default profile: "default"
[INFO ] 2023-10-03 20:08:54.037 [main] ETHER - Iniciando o processo de login no site do Sócio Torcedor | Dia: 03/10/2023 20:08:54
[INFO ] 2023-10-03 20:08:54.570 [main] WebDriverManager - Using chromedriver 117.0.5938.92 (resolved driver for Chrome 117)
[INFO ] 2023-10-03 20:08:54.602 [main] WebDriverManager - Exporting webdriver.chrome.driver as C:\Users\mathe\.cache\selenium\chromedriver\win64\117.0.5938.92\chromedriver.exe
[INFO ] 2023-10-03 20:09:21.050 [main] EtherApplication - Starting EtherApplication using Java 19.0.2 with PID 13264 (C:\Ether\anf\anf\target\classes started by mathe in C:\Ether\anf\anf)
[INFO ] 2023-10-03 20:09:21.056 [main] EtherApplication - No active profile set, falling back to 1 default profile: "default"
[INFO ] 2023-10-03 20:09:21.579 [main] ETHER - Iniciando o processo de login no site do Sócio Torcedor | Dia: 03/10/2023 20:09:21
[INFO ] 2023-10-03 20:09:21.951 [main] WebDriverManager - Using chromedriver 117.0.5938.92 (resolved driver for Chrome 117)
[INFO ] 2023-10-03 20:09:21.971 [main] WebDriverManager - Exporting webdriver.chrome.driver as C:\Users\mathe\.cache\selenium\chromedriver\win64\117.0.5938.92\chromedriver.exe
[WARN ] 2023-10-03 20:09:24.137 [main] CdpVersionFinder - Unable to find an exact match for CDP version 117, so returning the closest version found: 114
[INFO ] 2023-10-03 20:12:09.380 [main] EtherApplication - Starting EtherApplication using Java 19.0.2 with PID 18260 (C:\Ether\anf\anf\target\classes started by mathe in C:\Ether\anf\anf)
[INFO ] 2023-10-03 20:12:09.386 [main] EtherApplication - No active profile set, falling back to 1 default profile: "default"
[INFO ] 2023-10-03 20:12:09.940 [main] ETHER - Iniciando o processo de login no site do Sócio Torcedor | Dia: 03/10/2023 20:12:09
[INFO ] 2023-10-03 20:12:10.396 [main] WebDriverManager - Using chromedriver 117.0.5938.92 (resolved driver for Chrome 117)
[INFO ] 2023-10-03 20:12:10.425 [main] WebDriverManager - Exporting webdriver.chrome.driver as C:\Users\mathe\.cache\selenium\chromedriver\win64\117.0.5938.92\chromedriver.exe
[WARN ] 2023-10-03 20:12:11.891 [main] CdpVersionFinder - Unable to find an exact match for CDP version 117, so returning the closest version found: 114
[INFO ] 2023-10-03 20:13:52.589 [main] EtherApplication - Starting EtherApplication using Java 19.0.2 with PID 16476 (C:\Ether\anf\anf\target\classes started by mathe in C:\Ether\anf\anf)
[INFO ] 2023-10-03 20:13:52.593 [main] EtherApplication - No active profile set, falling back to 1 default profile: "default"
[INFO ] 2023-10-03 20:13:53.187 [main] ETHER - Iniciando o processo de login no site do Sócio Torcedor | Dia: 03/10/2023 20:13:53
[INFO ] 2023-10-03 20:13:53.693 [main] WebDriverManager - Using chromedriver 117.0.5938.92 (resolved driver for Chrome 117)
[INFO ] 2023-10-03 20:13:53.729 [main] WebDriverManager - Exporting webdriver.chrome.driver as C:\Users\mathe\.cache\selenium\chromedriver\win64\117.0.5938.92\chromedriver.exe
[WARN ] 2023-10-03 20:13:55.224 [main] CdpVersionFinder - Unable to find an exact match for CDP version 117, so returning the closest version found: 114
[INFO ] 2023-10-03 20:20:01.788 [main] EtherApplication - Starting EtherApplication using Java 19.0.2 with PID 17428 (C:\Ether\anf\anf\target\classes started by mathe in C:\Ether\anf\anf)
[INFO ] 2023-10-03 20:20:01.794 [main] EtherApplication - No active profile set, falling back to 1 default profile: "default"
[INFO ] 2023-10-03 20:20:28.330 [main] EtherApplication - Starting EtherApplication using Java 19.0.2 with PID 14432 (C:\Ether\anf\anf\target\classes started by mathe in C:\Ether\anf\anf)
[INFO ] 2023-10-03 20:20:28.334 [main] EtherApplication - No active profile set, falling back to 1 default profile: "default"
[INFO ] 2023-10-03 20:22:10.811 [main] EtherApplication - Starting EtherApplication using Java 19.0.2 with PID 7936 (C:\Ether\anf\anf\target\classes started by mathe in C:\Ether\anf\anf)
[INFO ] 2023-10-03 20:22:10.815 [main] EtherApplication - No active profile set, falling back to 1 default profile: "default"
[INFO ] 2023-10-03 20:22:30.434 [main] ETHER - Iniciando Ether - Sócio Torcedor
[INFO ] 2023-10-03 20:22:30.434 [main] ETHER - Iniciando o processo de login no site do Sócio Torcedor | Dia: 03/10/2023 20:22:30
[INFO ] 2023-10-03 20:22:31.468 [main] WebDriverManager - Using chromedriver 117.0.5938.92 (resolved driver for Chrome 117)
[INFO ] 2023-10-03 20:22:31.491 [main] WebDriverManager - Exporting webdriver.chrome.driver as C:\Users\mathe\.cache\selenium\chromedriver\win64\117.0.5938.92\chromedriver.exe
[WARN ] 2023-10-03 20:22:34.919 [main] CdpVersionFinder - Unable to find an exact match for CDP version 117, so returning the closest version found: 114
[INFO ] 2023-10-03 20:26:52.438 [main] EtherApplication - Starting EtherApplication using Java 19.0.2 with PID 14984 (C:\Ether\anf\anf\target\classes started by mathe in C:\Ether\anf\anf)
[INFO ] 2023-10-03 20:26:52.443 [main] EtherApplication - No active profile set, falling back to 1 default profile: "default"
[INFO ] 2023-10-03 20:27:04.557 [main] EtherApplication - Starting EtherApplication using Java 19.0.2 with PID 16460 (C:\Ether\anf\anf\target\classes started by mathe in C:\Ether\anf\anf)
[INFO ] 2023-10-03 20:27:04.561 [main] EtherApplication - No active profile set, falling back to 1 default profile: "default"
[INFO ] 2023-10-03 20:27:42.175 [main] EtherApplication - Starting EtherApplication using Java 19.0.2 with PID 5776 (C:\Ether\anf\anf\target\classes started by mathe in C:\Ether\anf\anf)
[INFO ] 2023-10-03 20:27:42.180 [main] EtherApplication - No active profile set, falling back to 1 default profile: "default"
[INFO ] 2023-10-03 20:29:46.861 [main] ETHER - Iniciando o processo de login no site do Sócio Torcedor | Dia: 03/10/2023 20:29:46
[INFO ] 2023-10-03 20:32:11.870 [main] EtherApplication - Starting EtherApplication using Java 19.0.2 with PID 16972 (C:\Ether\anf\anf\target\classes started by mathe in C:\Ether\anf\anf)
[INFO ] 2023-10-03 20:32:11.882 [main] EtherApplication - No active profile set, falling back to 1 default profile: "default"
[INFO ] 2023-10-03 20:45:08.960 [main] EtherApplication - Starting EtherApplication using Java 19.0.2 with PID 14768 (C:\Ether\anf\anf\target\classes started by mathe in C:\Ether\anf\anf)
[INFO ] 2023-10-03 20:45:08.964 [main] EtherApplication - No active profile set, falling back to 1 default profile: "default"
[WARN ] 2023-10-03 20:45:09.573 [main] AnnotationConfigApplicationContext - Exception encountered during context initialization - cancelling refresh attempt: org.springframework.beans.factory.UnsatisfiedDependencyException: Error creating bean with name 'emailModel' defined in file [C:\Ether\anf\anf\target\classes\br\com\ether\model\EmailModel.class]: Unsatisfied dependency expressed through constructor parameter 0: No qualifying bean of type 'java.lang.String' available: expected at least 1 bean which qualifies as autowire candidate. Dependency annotations: {}
[INFO ] 2023-10-03 20:45:09.582 [main] ConditionEvaluationReportLogger - 

Error starting ApplicationContext. To display the condition evaluation report re-run your application with 'debug' enabled.
[ERROR] 2023-10-03 20:45:09.612 [main] LoggingFailureAnalysisReporter - 

***************************
APPLICATION FAILED TO START
***************************

Description:

EmailModel is annotated with @ConstructorBinding but it is defined as a regular bean which caused dependency injection to fail.

Action:

Update your configuration so that EmailModel is defined via @ConfigurationPropertiesScan or @EnableConfigurationProperties.

[INFO ] 2023-10-03 20:46:03.862 [main] EtherApplication - Starting EtherApplication using Java 19.0.2 with PID 492 (C:\Ether\anf\anf\target\classes started by mathe in C:\Ether\anf\anf)
[INFO ] 2023-10-03 20:46:03.868 [main] EtherApplication - No active profile set, falling back to 1 default profile: "default"
[WARN ] 2023-10-03 20:46:15.842 [main] AnnotationConfigApplicationContext - Exception encountered during context initialization - cancelling refresh attempt: org.springframework.beans.factory.UnsatisfiedDependencyException: Error creating bean with name 'emailModel' defined in file [C:\Ether\anf\anf\target\classes\br\com\ether\model\EmailModel.class]: Unsatisfied dependency expressed through constructor parameter 0: No qualifying bean of type 'java.lang.String' available: expected at least 1 bean which qualifies as autowire candidate. Dependency annotations: {}
[INFO ] 2023-10-03 20:46:15.860 [main] ConditionEvaluationReportLogger - 

Error starting ApplicationContext. To display the condition evaluation report re-run your application with 'debug' enabled.
[INFO ] 2023-10-03 20:46:43.074 [main] EtherApplication - Starting EtherApplication using Java 19.0.2 with PID 18520 (C:\Ether\anf\anf\target\classes started by mathe in C:\Ether\anf\anf)
[INFO ] 2023-10-03 20:46:43.080 [main] EtherApplication - No active profile set, falling back to 1 default profile: "default"
[WARN ] 2023-10-03 20:46:43.685 [main] AnnotationConfigApplicationContext - Exception encountered during context initialization - cancelling refresh attempt: org.springframework.beans.factory.BeanCreationException: Error creating bean with name 'bannerInitializr': Invocation of init method failed
[INFO ] 2023-10-03 20:46:43.693 [main] ConditionEvaluationReportLogger - 

Error starting ApplicationContext. To display the condition evaluation report re-run your application with 'debug' enabled.
[ERROR] 2023-10-03 20:46:43.713 [main] SpringApplication - Application run failed
org.springframework.beans.factory.BeanCreationException: Error creating bean with name 'bannerInitializr': Invocation of init method failed
	at org.springframework.beans.factory.annotation.InitDestroyAnnotationBeanPostProcessor.postProcessBeforeInitialization(InitDestroyAnnotationBeanPostProcessor.java:222) ~[spring-beans-6.0.12.jar:6.0.12]
	at org.springframework.beans.factory.support.AbstractAutowireCapableBeanFactory.applyBeanPostProcessorsBeforeInitialization(AbstractAutowireCapableBeanFactory.java:419) ~[spring-beans-6.0.12.jar:6.0.12]
	at org.springframework.beans.factory.support.AbstractAutowireCapableBeanFactory.initializeBean(AbstractAutowireCapableBeanFactory.java:1762) ~[spring-beans-6.0.12.jar:6.0.12]
	at org.springframework.beans.factory.support.AbstractAutowireCapableBeanFactory.doCreateBean(AbstractAutowireCapableBeanFactory.java:598) ~[spring-beans-6.0.12.jar:6.0.12]
	at org.springframework.beans.factory.support.AbstractAutowireCapableBeanFactory.createBean(AbstractAutowireCapableBeanFactory.java:520) ~[spring-beans-6.0.12.jar:6.0.12]
	at org.springframework.beans.factory.support.AbstractBeanFactory.lambda$doGetBean$0(AbstractBeanFactory.java:325) ~[spring-beans-6.0.12.jar:6.0.12]
	at org.springframework.beans.factory.support.DefaultSingletonBeanRegistry.getSingleton(DefaultSingletonBeanRegistry.java:234) ~[spring-beans-6.0.12.jar:6.0.12]
	at org.springframework.beans.factory.support.AbstractBeanFactory.doGetBean(AbstractBeanFactory.java:323) ~[spring-beans-6.0.12.jar:6.0.12]
	at org.springframework.beans.factory.support.AbstractBeanFactory.getBean(AbstractBeanFactory.java:199) ~[spring-beans-6.0.12.jar:6.0.12]
	at org.springframework.beans.factory.support.DefaultListableBeanFactory.preInstantiateSingletons(DefaultListableBeanFactory.java:973) ~[spring-beans-6.0.12.jar:6.0.12]
	at org.springframework.context.support.AbstractApplicationContext.finishBeanFactoryInitialization(AbstractApplicationContext.java:942) ~[spring-context-6.0.12.jar:6.0.12]
	at org.springframework.context.support.AbstractApplicationContext.refresh(AbstractApplicationContext.java:608) ~[spring-context-6.0.12.jar:6.0.12]
	at org.springframework.boot.SpringApplication.refresh(SpringApplication.java:737) [spring-boot-3.1.4.jar:3.1.4]
	at org.springframework.boot.SpringApplication.refreshContext(SpringApplication.java:439) [spring-boot-3.1.4.jar:3.1.4]
	at org.springframework.boot.SpringApplication.run(SpringApplication.java:315) [spring-boot-3.1.4.jar:3.1.4]
	at org.springframework.boot.SpringApplication.run(SpringApplication.java:1309) [spring-boot-3.1.4.jar:3.1.4]
	at org.springframework.boot.SpringApplication.run(SpringApplication.java:1298) [spring-boot-3.1.4.jar:3.1.4]
	at br.com.ether.EtherApplication.main(EtherApplication.java:10) [classes/:?]
Caused by: java.io.FileNotFoundException: C:\Ether\anf\anf\src\main\resources\init.txt (The system cannot find the file specified)
	at java.io.FileInputStream.open0(Native Method) ~[?:?]
	at java.io.FileInputStream.open(FileInputStream.java:219) ~[?:?]
	at java.io.FileInputStream.<init>(FileInputStream.java:158) ~[?:?]
	at java.io.FileInputStream.<init>(FileInputStream.java:112) ~[?:?]
	at br.com.ether.config.banner.BannerInitializr.init(BannerInitializr.java:24) ~[classes/:?]
	at jdk.internal.reflect.DirectMethodHandleAccessor.invoke(DirectMethodHandleAccessor.java:104) ~[?:?]
	at java.lang.reflect.Method.invoke(Method.java:578) ~[?:?]
	at org.springframework.beans.factory.annotation.InitDestroyAnnotationBeanPostProcessor$LifecycleMethod.invoke(InitDestroyAnnotationBeanPostProcessor.java:457) ~[spring-beans-6.0.12.jar:6.0.12]
	at org.springframework.beans.factory.annotation.InitDestroyAnnotationBeanPostProcessor$LifecycleMetadata.invokeInitMethods(InitDestroyAnnotationBeanPostProcessor.java:401) ~[spring-beans-6.0.12.jar:6.0.12]
	at org.springframework.beans.factory.annotation.InitDestroyAnnotationBeanPostProcessor.postProcessBeforeInitialization(InitDestroyAnnotationBeanPostProcessor.java:219) ~[spring-beans-6.0.12.jar:6.0.12]
	... 17 more
[INFO ] 2023-10-03 20:46:58.733 [main] EtherApplication - Starting EtherApplication using Java 19.0.2 with PID 884 (C:\Ether\anf\anf\target\classes started by mathe in C:\Ether\anf\anf)
[INFO ] 2023-10-03 20:46:58.737 [main] EtherApplication - No active profile set, falling back to 1 default profile: "default"
[WARN ] 2023-10-03 20:47:00.440 [main] AnnotationConfigApplicationContext - Exception encountered during context initialization - cancelling refresh attempt: org.springframework.beans.factory.UnsatisfiedDependencyException: Error creating bean with name 'emailModel' defined in file [C:\Ether\anf\anf\target\classes\br\com\ether\model\EmailModel.class]: Unsatisfied dependency expressed through constructor parameter 0: No qualifying bean of type 'java.lang.String' available: expected at least 1 bean which qualifies as autowire candidate. Dependency annotations: {}
[INFO ] 2023-10-03 20:47:00.452 [main] ConditionEvaluationReportLogger - 

Error starting ApplicationContext. To display the condition evaluation report re-run your application with 'debug' enabled.
[ERROR] 2023-10-03 20:47:00.486 [main] LoggingFailureAnalysisReporter - 

***************************
APPLICATION FAILED TO START
***************************

Description:

EmailModel is annotated with @ConstructorBinding but it is defined as a regular bean which caused dependency injection to fail.

Action:

Update your configuration so that EmailModel is defined via @ConfigurationPropertiesScan or @EnableConfigurationProperties.

[INFO ] 2023-10-03 20:47:11.037 [main] EtherApplication - Starting EtherApplication using Java 19.0.2 with PID 11672 (C:\Ether\anf\anf\target\classes started by mathe in C:\Ether\anf\anf)
[INFO ] 2023-10-03 20:47:11.040 [main] EtherApplication - No active profile set, falling back to 1 default profile: "default"
[WARN ] 2023-10-03 20:47:12.733 [main] AnnotationConfigApplicationContext - Exception encountered during context initialization - cancelling refresh attempt: org.springframework.beans.factory.UnsatisfiedDependencyException: Error creating bean with name 'emailModel' defined in file [C:\Ether\anf\anf\target\classes\br\com\ether\model\EmailModel.class]: Unsatisfied dependency expressed through constructor parameter 0: No qualifying bean of type 'java.lang.String' available: expected at least 1 bean which qualifies as autowire candidate. Dependency annotations: {}
[INFO ] 2023-10-03 20:47:12.741 [main] ConditionEvaluationReportLogger - 

Error starting ApplicationContext. To display the condition evaluation report re-run your application with 'debug' enabled.
[ERROR] 2023-10-03 20:47:12.761 [main] LoggingFailureAnalysisReporter - 

***************************
APPLICATION FAILED TO START
***************************

Description:

EmailModel is annotated with @ConstructorBinding but it is defined as a regular bean which caused dependency injection to fail.

Action:

Update your configuration so that EmailModel is defined via @ConfigurationPropertiesScan or @EnableConfigurationProperties.

[INFO ] 2023-10-03 20:47:21.115 [main] EtherApplication - Starting EtherApplication using Java 19.0.2 with PID 11072 (C:\Ether\anf\anf\target\classes started by mathe in C:\Ether\anf\anf)
[INFO ] 2023-10-03 20:47:21.119 [main] EtherApplication - No active profile set, falling back to 1 default profile: "default"
[WARN ] 2023-10-03 20:47:22.788 [main] AnnotationConfigApplicationContext - Exception encountered during context initialization - cancelling refresh attempt: org.springframework.beans.factory.UnsatisfiedDependencyException: Error creating bean with name 'emailModel' defined in file [C:\Ether\anf\anf\target\classes\br\com\ether\model\EmailModel.class]: Unsatisfied dependency expressed through constructor parameter 0: No qualifying bean of type 'java.lang.String' available: expected at least 1 bean which qualifies as autowire candidate. Dependency annotations: {}
[INFO ] 2023-10-03 20:47:22.798 [main] ConditionEvaluationReportLogger - 

Error starting ApplicationContext. To display the condition evaluation report re-run your application with 'debug' enabled.
[ERROR] 2023-10-03 20:47:22.822 [main] LoggingFailureAnalysisReporter - 

***************************
APPLICATION FAILED TO START
***************************

Description:

EmailModel is annotated with @ConstructorBinding but it is defined as a regular bean which caused dependency injection to fail.

Action:

Update your configuration so that EmailModel is defined via @ConfigurationPropertiesScan or @EnableConfigurationProperties.

[INFO ] 2023-10-03 20:47:42.301 [main] EtherApplication - Starting EtherApplication using Java 19.0.2 with PID 18428 (C:\Ether\anf\anf\target\classes started by mathe in C:\Ether\anf\anf)
[INFO ] 2023-10-03 20:47:42.306 [main] EtherApplication - No active profile set, falling back to 1 default profile: "default"
[INFO ] 2023-10-03 20:47:44.223 [main] EtherApplication - Started EtherApplication in 2.33 seconds (process running for 3.305)
[INFO ] 2023-10-03 20:47:45.018 [scheduling-1] ETHER - Iniciando o processo de login no site do Sócio Torcedor | Dia: 03/10/2023 20:47:45
[INFO ] 2023-10-03 20:47:45.540 [scheduling-1] WebDriverManager - Using chromedriver 117.0.5938.92 (resolved driver for Chrome 117)
[INFO ] 2023-10-03 20:47:45.562 [scheduling-1] WebDriverManager - Exporting webdriver.chrome.driver as C:\Users\mathe\.cache\selenium\chromedriver\win64\117.0.5938.92\chromedriver.exe
[WARN ] 2023-10-03 20:47:47.908 [scheduling-1] CdpVersionFinder - Unable to find an exact match for CDP version 117, so returning the closest version found: 114
[INFO ] 2023-10-03 20:48:14.918 [main] EtherApplication - Starting EtherApplication using Java 19.0.2 with PID 10812 (C:\Ether\anf\anf\target\classes started by mathe in C:\Ether\anf\anf)
[INFO ] 2023-10-03 20:48:14.924 [main] EtherApplication - No active profile set, falling back to 1 default profile: "default"
[INFO ] 2023-10-03 20:48:19.783 [main] EtherApplication - Started EtherApplication in 5.286 seconds (process running for 6.702)
[INFO ] 2023-10-03 20:48:49.645 [scheduling-1] ETHER - Iniciando o processo de login no site do Sócio Torcedor | Dia: 03/10/2023 20:48:49
[INFO ] 2023-10-03 20:48:55.265 [main] EtherApplication - Starting EtherApplication using Java 19.0.2 with PID 13388 (C:\Ether\anf\anf\target\classes started by mathe in C:\Ether\anf\anf)
[INFO ] 2023-10-03 20:48:55.269 [main] EtherApplication - No active profile set, falling back to 1 default profile: "default"
[INFO ] 2023-10-03 20:48:57.306 [main] EtherApplication - Started EtherApplication in 2.402 seconds (process running for 3.535)
[INFO ] 2023-10-03 20:49:11.469 [scheduling-1] ETHER - Iniciando o processo de login no site do Sócio Torcedor | Dia: 03/10/2023 20:49:11
[INFO ] 2023-10-04 02:19:13.219 [main] EtherApplication - Starting EtherApplication using Java 19.0.2 with PID 17712 (C:\Ether\anf\anf\target\classes started by mathe in C:\Ether\anf\anf)
[INFO ] 2023-10-04 02:19:13.228 [main] EtherApplication - No active profile set, falling back to 1 default profile: "default"
[INFO ] 2023-10-04 02:19:14.405 [main] AutowiredAnnotationBeanPostProcessor - Autowired annotation is not supported on static fields: private static java.lang.String br.com.ether.repository.DataBase.URL
[INFO ] 2023-10-04 02:19:14.405 [main] AutowiredAnnotationBeanPostProcessor - Autowired annotation is not supported on static fields: private static java.lang.String br.com.ether.repository.DataBase.USERNAME
[INFO ] 2023-10-04 02:19:14.405 [main] AutowiredAnnotationBeanPostProcessor - Autowired annotation is not supported on static fields: private static java.lang.String br.com.ether.repository.DataBase.PASSWORD
[INFO ] 2023-10-04 02:19:14.405 [main] AutowiredAnnotationBeanPostProcessor - Autowired annotation is not supported on static fields: private static java.lang.String br.com.ether.repository.DataBase.DRIVER
[INFO ] 2023-10-04 02:19:14.431 [main] ETHER - Iniciando o processo de login no site do Sócio Torcedor | Dia: 04/10/2023 02:19:14
[INFO ] 2023-10-04 02:19:16.374 [main] WebDriverManager - Using chromedriver 117.0.5938.92 (resolved driver for Chrome 117)
[INFO ] 2023-10-04 02:19:16.418 [main] WebDriverManager - Exporting webdriver.chrome.driver as C:\Users\mathe\.cache\selenium\chromedriver\win64\117.0.5938.92\chromedriver.exe
[WARN ] 2023-10-04 02:19:20.684 [main] CdpVersionFinder - Unable to find an exact match for CDP version 117, so returning the closest version found: 114
[INFO ] 2023-10-04 02:19:29.401 [main] ETHER - Inserindo o e-mail: matheusoliveira1991@hotmail.com
[INFO ] 2023-10-04 02:19:29.811 [main] ETHER - Inserindo a senha: **********
[ERROR] 2023-10-04 02:19:31.396 [main] ETHER - Erro ao realizar o login no site do Sócio Torcedor
org.openqa.selenium.ElementClickInterceptedException: element click intercepted: Element is not clickable at point (307, 3576)
  (Session info: headless chrome=117.0.5938.132)
Build info: version: '4.8.3', revision: 'e5e76298c3'
System info: os.name: 'Windows 10', os.arch: 'amd64', os.version: '10.0', java.version: '19.0.2'
Driver info: org.openqa.selenium.chrome.ChromeDriver
Command: [2623d93975a254ac415748c08d7240c8, clickElement {id=92160861B36B2B20AE7B6814DDA12367_element_38}]
Capabilities {acceptInsecureCerts: false, browserName: chrome, browserVersion: 117.0.5938.132, chrome: {chromedriverVersion: 117.0.5938.92 (67649b10b92b..., userDataDir: C:\Users\mathe\AppData\Loca...}, fedcm:accounts: true, goog:chromeOptions: {debuggerAddress: localhost:24451}, networkConnectionEnabled: false, pageLoadStrategy: normal, platformName: WINDOWS, proxy: Proxy(), se:cdp: ws://localhost:24451/devtoo..., se:cdpVersion: 117.0.5938.132, setWindowRect: true, strictFileInteractability: false, timeouts: {implicit: 0, pageLoad: 300000, script: 30000}, unhandledPromptBehavior: dismiss and notify, webauthn:extension:credBlob: true, webauthn:extension:largeBlob: true, webauthn:extension:minPinLength: true, webauthn:extension:prf: true, webauthn:virtualAuthenticators: true}
Element: [[ChromeDriver: chrome on WINDOWS (2623d93975a254ac415748c08d7240c8)] -> xpath: //nav/a[text()=' EXPERIÊNCIAS ']]
Session ID: 2623d93975a254ac415748c08d7240c8
	at jdk.internal.reflect.DirectConstructorHandleAccessor.newInstance(DirectConstructorHandleAccessor.java:67) ~[?:?]
	at java.lang.reflect.Constructor.newInstanceWithCaller(Constructor.java:500) ~[?:?]
	at java.lang.reflect.Constructor.newInstance(Constructor.java:484) ~[?:?]
	at org.openqa.selenium.remote.codec.w3c.W3CHttpResponseCodec.createException(W3CHttpResponseCodec.java:200) ~[selenium-remote-driver-4.8.3.jar:?]
	at org.openqa.selenium.remote.codec.w3c.W3CHttpResponseCodec.decode(W3CHttpResponseCodec.java:133) ~[selenium-remote-driver-4.8.3.jar:?]
	at org.openqa.selenium.remote.codec.w3c.W3CHttpResponseCodec.decode(W3CHttpResponseCodec.java:53) ~[selenium-remote-driver-4.8.3.jar:?]
	at org.openqa.selenium.remote.HttpCommandExecutor.execute(HttpCommandExecutor.java:193) ~[selenium-remote-driver-4.8.3.jar:?]
	at org.openqa.selenium.remote.service.DriverCommandExecutor.invokeExecute(DriverCommandExecutor.java:183) ~[selenium-remote-driver-4.8.3.jar:?]
	at org.openqa.selenium.remote.service.DriverCommandExecutor.execute(DriverCommandExecutor.java:158) ~[selenium-remote-driver-4.8.3.jar:?]
	at org.openqa.selenium.remote.RemoteWebDriver.execute(RemoteWebDriver.java:543) ~[selenium-remote-driver-4.8.3.jar:?]
	at org.openqa.selenium.remote.RemoteWebElement.execute(RemoteWebElement.java:257) ~[selenium-remote-driver-4.8.3.jar:?]
	at org.openqa.selenium.remote.RemoteWebElement.click(RemoteWebElement.java:78) ~[selenium-remote-driver-4.8.3.jar:?]
	at br.com.ether.applications.sociotorcedor.services.SocioTorcedorService.login(SocioTorcedorService.java:63) ~[classes/:?]
	at br.com.ether.applications.sociotorcedor.services.SocioTorcedorService.init(SocioTorcedorService.java:31) ~[classes/:?]
	at br.com.ether.applications.sociotorcedor.controller.ControllerST.init(ControllerST.java:22) ~[classes/:?]
	at jdk.internal.reflect.DirectMethodHandleAccessor.invoke(DirectMethodHandleAccessor.java:104) ~[?:?]
	at java.lang.reflect.Method.invoke(Method.java:578) ~[?:?]
	at org.springframework.beans.factory.annotation.InitDestroyAnnotationBeanPostProcessor$LifecycleMethod.invoke(InitDestroyAnnotationBeanPostProcessor.java:457) ~[spring-beans-6.0.12.jar:6.0.12]
	at org.springframework.beans.factory.annotation.InitDestroyAnnotationBeanPostProcessor$LifecycleMetadata.invokeInitMethods(InitDestroyAnnotationBeanPostProcessor.java:401) ~[spring-beans-6.0.12.jar:6.0.12]
	at org.springframework.beans.factory.annotation.InitDestroyAnnotationBeanPostProcessor.postProcessBeforeInitialization(InitDestroyAnnotationBeanPostProcessor.java:219) ~[spring-beans-6.0.12.jar:6.0.12]
	at org.springframework.beans.factory.support.AbstractAutowireCapableBeanFactory.applyBeanPostProcessorsBeforeInitialization(AbstractAutowireCapableBeanFactory.java:419) ~[spring-beans-6.0.12.jar:6.0.12]
	at org.springframework.beans.factory.support.AbstractAutowireCapableBeanFactory.initializeBean(AbstractAutowireCapableBeanFactory.java:1762) ~[spring-beans-6.0.12.jar:6.0.12]
	at org.springframework.beans.factory.support.AbstractAutowireCapableBeanFactory.doCreateBean(AbstractAutowireCapableBeanFactory.java:598) ~[spring-beans-6.0.12.jar:6.0.12]
	at org.springframework.beans.factory.support.AbstractAutowireCapableBeanFactory.createBean(AbstractAutowireCapableBeanFactory.java:520) ~[spring-beans-6.0.12.jar:6.0.12]
	at org.springframework.beans.factory.support.AbstractBeanFactory.lambda$doGetBean$0(AbstractBeanFactory.java:325) ~[spring-beans-6.0.12.jar:6.0.12]
	at org.springframework.beans.factory.support.DefaultSingletonBeanRegistry.getSingleton(DefaultSingletonBeanRegistry.java:234) [spring-beans-6.0.12.jar:6.0.12]
	at org.springframework.beans.factory.support.AbstractBeanFactory.doGetBean(AbstractBeanFactory.java:323) [spring-beans-6.0.12.jar:6.0.12]
	at org.springframework.beans.factory.support.AbstractBeanFactory.getBean(AbstractBeanFactory.java:199) [spring-beans-6.0.12.jar:6.0.12]
	at org.springframework.beans.factory.support.DefaultListableBeanFactory.preInstantiateSingletons(DefaultListableBeanFactory.java:973) [spring-beans-6.0.12.jar:6.0.12]
	at org.springframework.context.support.AbstractApplicationContext.finishBeanFactoryInitialization(AbstractApplicationContext.java:942) [spring-context-6.0.12.jar:6.0.12]
	at org.springframework.context.support.AbstractApplicationContext.refresh(AbstractApplicationContext.java:608) [spring-context-6.0.12.jar:6.0.12]
	at org.springframework.boot.SpringApplication.refresh(SpringApplication.java:737) [spring-boot-3.1.4.jar:3.1.4]
	at org.springframework.boot.SpringApplication.refreshContext(SpringApplication.java:439) [spring-boot-3.1.4.jar:3.1.4]
	at org.springframework.boot.SpringApplication.run(SpringApplication.java:315) [spring-boot-3.1.4.jar:3.1.4]
	at org.springframework.boot.SpringApplication.run(SpringApplication.java:1309) [spring-boot-3.1.4.jar:3.1.4]
	at org.springframework.boot.SpringApplication.run(SpringApplication.java:1298) [spring-boot-3.1.4.jar:3.1.4]
	at br.com.ether.EtherApplication.main(EtherApplication.java:10) [classes/:?]
[ERROR] 2023-10-04 02:19:31.430 [main] ETHER - Tentando novamente em 1 minuto
[WARN ] 2023-10-04 02:19:31.468 [AsyncHttpClient-1-4] WebSocketHandler - onError
java.net.SocketException: Connection reset
	at sun.nio.ch.SocketChannelImpl.throwConnectionReset(SocketChannelImpl.java:401) ~[?:?]
	at sun.nio.ch.SocketChannelImpl.read(SocketChannelImpl.java:434) ~[?:?]
	at io.netty.buffer.PooledByteBuf.setBytes(PooledByteBuf.java:254) ~[netty-buffer-4.1.97.Final.jar:4.1.97.Final]
	at io.netty.buffer.AbstractByteBuf.writeBytes(AbstractByteBuf.java:1132) ~[netty-buffer-4.1.97.Final.jar:4.1.97.Final]
	at io.netty.channel.socket.nio.NioSocketChannel.doReadBytes(NioSocketChannel.java:357) ~[netty-transport-4.1.97.Final.jar:4.1.97.Final]
	at io.netty.channel.nio.AbstractNioByteChannel$NioByteUnsafe.read(AbstractNioByteChannel.java:151) [netty-transport-4.1.97.Final.jar:4.1.97.Final]
	at io.netty.channel.nio.NioEventLoop.processSelectedKey(NioEventLoop.java:788) [netty-transport-4.1.97.Final.jar:4.1.97.Final]
	at io.netty.channel.nio.NioEventLoop.processSelectedKeysOptimized(NioEventLoop.java:724) [netty-transport-4.1.97.Final.jar:4.1.97.Final]
	at io.netty.channel.nio.NioEventLoop.processSelectedKeys(NioEventLoop.java:650) [netty-transport-4.1.97.Final.jar:4.1.97.Final]
	at io.netty.channel.nio.NioEventLoop.run(NioEventLoop.java:562) [netty-transport-4.1.97.Final.jar:4.1.97.Final]
	at io.netty.util.concurrent.SingleThreadEventExecutor$4.run(SingleThreadEventExecutor.java:997) [netty-common-4.1.97.Final.jar:4.1.97.Final]
	at io.netty.util.internal.ThreadExecutorMap$2.run(ThreadExecutorMap.java:74) [netty-common-4.1.97.Final.jar:4.1.97.Final]
	at io.netty.util.concurrent.FastThreadLocalRunnable.run(FastThreadLocalRunnable.java:30) [netty-common-4.1.97.Final.jar:4.1.97.Final]
	at java.lang.Thread.run(Thread.java:1589) [?:?]
[WARN ] 2023-10-04 02:19:31.474 [AsyncHttpClient-1-4] WebSocket - Connection reset
java.net.SocketException: Connection reset
	at sun.nio.ch.SocketChannelImpl.throwConnectionReset(SocketChannelImpl.java:401) ~[?:?]
	at sun.nio.ch.SocketChannelImpl.read(SocketChannelImpl.java:434) ~[?:?]
	at io.netty.buffer.PooledByteBuf.setBytes(PooledByteBuf.java:254) ~[netty-buffer-4.1.97.Final.jar:4.1.97.Final]
	at io.netty.buffer.AbstractByteBuf.writeBytes(AbstractByteBuf.java:1132) ~[netty-buffer-4.1.97.Final.jar:4.1.97.Final]
	at io.netty.channel.socket.nio.NioSocketChannel.doReadBytes(NioSocketChannel.java:357) ~[netty-transport-4.1.97.Final.jar:4.1.97.Final]
	at io.netty.channel.nio.AbstractNioByteChannel$NioByteUnsafe.read(AbstractNioByteChannel.java:151) [netty-transport-4.1.97.Final.jar:4.1.97.Final]
	at io.netty.channel.nio.NioEventLoop.processSelectedKey(NioEventLoop.java:788) [netty-transport-4.1.97.Final.jar:4.1.97.Final]
	at io.netty.channel.nio.NioEventLoop.processSelectedKeysOptimized(NioEventLoop.java:724) [netty-transport-4.1.97.Final.jar:4.1.97.Final]
	at io.netty.channel.nio.NioEventLoop.processSelectedKeys(NioEventLoop.java:650) [netty-transport-4.1.97.Final.jar:4.1.97.Final]
	at io.netty.channel.nio.NioEventLoop.run(NioEventLoop.java:562) [netty-transport-4.1.97.Final.jar:4.1.97.Final]
	at io.netty.util.concurrent.SingleThreadEventExecutor$4.run(SingleThreadEventExecutor.java:997) [netty-common-4.1.97.Final.jar:4.1.97.Final]
	at io.netty.util.internal.ThreadExecutorMap$2.run(ThreadExecutorMap.java:74) [netty-common-4.1.97.Final.jar:4.1.97.Final]
	at io.netty.util.concurrent.FastThreadLocalRunnable.run(FastThreadLocalRunnable.java:30) [netty-common-4.1.97.Final.jar:4.1.97.Final]
	at java.lang.Thread.run(Thread.java:1589) [?:?]
[INFO ] 2023-10-04 02:55:46.397 [main] EtherApplication - Starting EtherApplication using Java 19.0.2 with PID 9264 (C:\Ether\anf\anf\target\classes started by mathe in C:\Ether\anf\anf)
[INFO ] 2023-10-04 02:55:46.403 [main] EtherApplication - No active profile set, falling back to 1 default profile: "default"
[INFO ] 2023-10-04 02:55:47.454 [main] AutowiredAnnotationBeanPostProcessor - Autowired annotation is not supported on static fields: private static java.lang.String br.com.ether.repository.DataBase.URL
[INFO ] 2023-10-04 02:55:47.455 [main] AutowiredAnnotationBeanPostProcessor - Autowired annotation is not supported on static fields: private static java.lang.String br.com.ether.repository.DataBase.USERNAME
[INFO ] 2023-10-04 02:55:47.456 [main] AutowiredAnnotationBeanPostProcessor - Autowired annotation is not supported on static fields: private static java.lang.String br.com.ether.repository.DataBase.PASSWORD
[INFO ] 2023-10-04 02:55:47.456 [main] AutowiredAnnotationBeanPostProcessor - Autowired annotation is not supported on static fields: private static java.lang.String br.com.ether.repository.DataBase.DRIVER
[INFO ] 2023-10-04 02:55:47.473 [main] ETHER - Iniciando a conexão com o banco de dados
[INFO ] 2023-10-04 02:55:47.474 [main] ETHER - URL: null
[INFO ] 2023-10-04 02:55:47.474 [main] ETHER - USERNAME: null
[WARN ] 2023-10-04 02:55:47.484 [main] AnnotationConfigApplicationContext - Exception encountered during context initialization - cancelling refresh attempt: org.springframework.beans.factory.BeanCreationException: Error creating bean with name 'controllerANF': Invocation of init method failed
[INFO ] 2023-10-04 02:55:47.512 [main] ConditionEvaluationReportLogger - 

Error starting ApplicationContext. To display the condition evaluation report re-run your application with 'debug' enabled.
[ERROR] 2023-10-04 02:55:47.595 [main] SpringApplication - Application run failed
org.springframework.beans.factory.BeanCreationException: Error creating bean with name 'controllerANF': Invocation of init method failed
	at org.springframework.beans.factory.annotation.InitDestroyAnnotationBeanPostProcessor.postProcessBeforeInitialization(InitDestroyAnnotationBeanPostProcessor.java:222) ~[spring-beans-6.0.12.jar:6.0.12]
	at org.springframework.beans.factory.support.AbstractAutowireCapableBeanFactory.applyBeanPostProcessorsBeforeInitialization(AbstractAutowireCapableBeanFactory.java:419) ~[spring-beans-6.0.12.jar:6.0.12]
	at org.springframework.beans.factory.support.AbstractAutowireCapableBeanFactory.initializeBean(AbstractAutowireCapableBeanFactory.java:1762) ~[spring-beans-6.0.12.jar:6.0.12]
	at org.springframework.beans.factory.support.AbstractAutowireCapableBeanFactory.doCreateBean(AbstractAutowireCapableBeanFactory.java:598) ~[spring-beans-6.0.12.jar:6.0.12]
	at org.springframework.beans.factory.support.AbstractAutowireCapableBeanFactory.createBean(AbstractAutowireCapableBeanFactory.java:520) ~[spring-beans-6.0.12.jar:6.0.12]
	at org.springframework.beans.factory.support.AbstractBeanFactory.lambda$doGetBean$0(AbstractBeanFactory.java:325) ~[spring-beans-6.0.12.jar:6.0.12]
	at org.springframework.beans.factory.support.DefaultSingletonBeanRegistry.getSingleton(DefaultSingletonBeanRegistry.java:234) ~[spring-beans-6.0.12.jar:6.0.12]
	at org.springframework.beans.factory.support.AbstractBeanFactory.doGetBean(AbstractBeanFactory.java:323) ~[spring-beans-6.0.12.jar:6.0.12]
	at org.springframework.beans.factory.support.AbstractBeanFactory.getBean(AbstractBeanFactory.java:199) ~[spring-beans-6.0.12.jar:6.0.12]
	at org.springframework.beans.factory.support.DefaultListableBeanFactory.preInstantiateSingletons(DefaultListableBeanFactory.java:973) ~[spring-beans-6.0.12.jar:6.0.12]
	at org.springframework.context.support.AbstractApplicationContext.finishBeanFactoryInitialization(AbstractApplicationContext.java:942) ~[spring-context-6.0.12.jar:6.0.12]
	at org.springframework.context.support.AbstractApplicationContext.refresh(AbstractApplicationContext.java:608) ~[spring-context-6.0.12.jar:6.0.12]
	at org.springframework.boot.SpringApplication.refresh(SpringApplication.java:737) [spring-boot-3.1.4.jar:3.1.4]
	at org.springframework.boot.SpringApplication.refreshContext(SpringApplication.java:439) [spring-boot-3.1.4.jar:3.1.4]
	at org.springframework.boot.SpringApplication.run(SpringApplication.java:315) [spring-boot-3.1.4.jar:3.1.4]
	at org.springframework.boot.SpringApplication.run(SpringApplication.java:1309) [spring-boot-3.1.4.jar:3.1.4]
	at org.springframework.boot.SpringApplication.run(SpringApplication.java:1298) [spring-boot-3.1.4.jar:3.1.4]
	at br.com.ether.EtherApplication.main(EtherApplication.java:10) [classes/:?]
Caused by: java.lang.NullPointerException: Cannot invoke "String.length()" because "str" is null
	at java.lang.AbstractStringBuilder.<init>(AbstractStringBuilder.java:117) ~[?:?]
	at java.lang.StringBuilder.<init>(StringBuilder.java:131) ~[?:?]
	at br.com.ether.repository.DataBase.connectDB(DataBase.java:47) ~[classes/:?]
	at br.com.ether.applications.anf.controller.ControllerANF.init(ControllerANF.java:44) ~[classes/:?]
	at jdk.internal.reflect.DirectMethodHandleAccessor.invoke(DirectMethodHandleAccessor.java:104) ~[?:?]
	at java.lang.reflect.Method.invoke(Method.java:578) ~[?:?]
	at org.springframework.beans.factory.annotation.InitDestroyAnnotationBeanPostProcessor$LifecycleMethod.invoke(InitDestroyAnnotationBeanPostProcessor.java:457) ~[spring-beans-6.0.12.jar:6.0.12]
	at org.springframework.beans.factory.annotation.InitDestroyAnnotationBeanPostProcessor$LifecycleMetadata.invokeInitMethods(InitDestroyAnnotationBeanPostProcessor.java:401) ~[spring-beans-6.0.12.jar:6.0.12]
	at org.springframework.beans.factory.annotation.InitDestroyAnnotationBeanPostProcessor.postProcessBeforeInitialization(InitDestroyAnnotationBeanPostProcessor.java:219) ~[spring-beans-6.0.12.jar:6.0.12]
	... 17 more
[INFO ] 2023-10-04 02:56:44.893 [main] EtherApplication - Starting EtherApplication using Java 19.0.2 with PID 2432 (C:\Ether\anf\anf\target\classes started by mathe in C:\Ether\anf\anf)
[INFO ] 2023-10-04 02:56:44.902 [main] EtherApplication - No active profile set, falling back to 1 default profile: "default"
[WARN ] 2023-10-04 02:56:45.980 [main] AnnotationConfigApplicationContext - Exception encountered during context initialization - cancelling refresh attempt: org.springframework.beans.factory.UnsatisfiedDependencyException: Error creating bean with name 'controllerANF' defined in file [C:\Ether\anf\anf\target\classes\br\com\ether\applications\anf\controller\ControllerANF.class]: Unsatisfied dependency expressed through constructor parameter 0: Error creating bean with name 'dataBase': Injection of autowired dependencies failed
[INFO ] 2023-10-04 02:56:46.009 [main] ConditionEvaluationReportLogger - 

Error starting ApplicationContext. To display the condition evaluation report re-run your application with 'debug' enabled.
[ERROR] 2023-10-04 02:56:46.080 [main] SpringApplication - Application run failed
org.springframework.beans.factory.UnsatisfiedDependencyException: Error creating bean with name 'controllerANF' defined in file [C:\Ether\anf\anf\target\classes\br\com\ether\applications\anf\controller\ControllerANF.class]: Unsatisfied dependency expressed through constructor parameter 0: Error creating bean with name 'dataBase': Injection of autowired dependencies failed
	at org.springframework.beans.factory.support.ConstructorResolver.createArgumentArray(ConstructorResolver.java:801) ~[spring-beans-6.0.12.jar:6.0.12]
	at org.springframework.beans.factory.support.ConstructorResolver.autowireConstructor(ConstructorResolver.java:240) ~[spring-beans-6.0.12.jar:6.0.12]
	at org.springframework.beans.factory.support.AbstractAutowireCapableBeanFactory.autowireConstructor(AbstractAutowireCapableBeanFactory.java:1352) ~[spring-beans-6.0.12.jar:6.0.12]
	at org.springframework.beans.factory.support.AbstractAutowireCapableBeanFactory.createBeanInstance(AbstractAutowireCapableBeanFactory.java:1189) ~[spring-beans-6.0.12.jar:6.0.12]
	at org.springframework.beans.factory.support.AbstractAutowireCapableBeanFactory.doCreateBean(AbstractAutowireCapableBeanFactory.java:560) ~[spring-beans-6.0.12.jar:6.0.12]
	at org.springframework.beans.factory.support.AbstractAutowireCapableBeanFactory.createBean(AbstractAutowireCapableBeanFactory.java:520) ~[spring-beans-6.0.12.jar:6.0.12]
	at org.springframework.beans.factory.support.AbstractBeanFactory.lambda$doGetBean$0(AbstractBeanFactory.java:325) ~[spring-beans-6.0.12.jar:6.0.12]
	at org.springframework.beans.factory.support.DefaultSingletonBeanRegistry.getSingleton(DefaultSingletonBeanRegistry.java:234) ~[spring-beans-6.0.12.jar:6.0.12]
	at org.springframework.beans.factory.support.AbstractBeanFactory.doGetBean(AbstractBeanFactory.java:323) ~[spring-beans-6.0.12.jar:6.0.12]
	at org.springframework.beans.factory.support.AbstractBeanFactory.getBean(AbstractBeanFactory.java:199) ~[spring-beans-6.0.12.jar:6.0.12]
	at org.springframework.beans.factory.support.DefaultListableBeanFactory.preInstantiateSingletons(DefaultListableBeanFactory.java:973) ~[spring-beans-6.0.12.jar:6.0.12]
	at org.springframework.context.support.AbstractApplicationContext.finishBeanFactoryInitialization(AbstractApplicationContext.java:942) ~[spring-context-6.0.12.jar:6.0.12]
	at org.springframework.context.support.AbstractApplicationContext.refresh(AbstractApplicationContext.java:608) ~[spring-context-6.0.12.jar:6.0.12]
	at org.springframework.boot.SpringApplication.refresh(SpringApplication.java:737) [spring-boot-3.1.4.jar:3.1.4]
	at org.springframework.boot.SpringApplication.refreshContext(SpringApplication.java:439) [spring-boot-3.1.4.jar:3.1.4]
	at org.springframework.boot.SpringApplication.run(SpringApplication.java:315) [spring-boot-3.1.4.jar:3.1.4]
	at org.springframework.boot.SpringApplication.run(SpringApplication.java:1309) [spring-boot-3.1.4.jar:3.1.4]
	at org.springframework.boot.SpringApplication.run(SpringApplication.java:1298) [spring-boot-3.1.4.jar:3.1.4]
	at br.com.ether.EtherApplication.main(EtherApplication.java:10) [classes/:?]
Caused by: org.springframework.beans.factory.BeanCreationException: Error creating bean with name 'dataBase': Injection of autowired dependencies failed
	at org.springframework.beans.factory.annotation.AutowiredAnnotationBeanPostProcessor.postProcessProperties(AutowiredAnnotationBeanPostProcessor.java:498) ~[spring-beans-6.0.12.jar:6.0.12]
	at org.springframework.beans.factory.support.AbstractAutowireCapableBeanFactory.populateBean(AbstractAutowireCapableBeanFactory.java:1416) ~[spring-beans-6.0.12.jar:6.0.12]
	at org.springframework.beans.factory.support.AbstractAutowireCapableBeanFactory.doCreateBean(AbstractAutowireCapableBeanFactory.java:597) ~[spring-beans-6.0.12.jar:6.0.12]
	at org.springframework.beans.factory.support.AbstractAutowireCapableBeanFactory.createBean(AbstractAutowireCapableBeanFactory.java:520) ~[spring-beans-6.0.12.jar:6.0.12]
	at org.springframework.beans.factory.support.AbstractBeanFactory.lambda$doGetBean$0(AbstractBeanFactory.java:325) ~[spring-beans-6.0.12.jar:6.0.12]
	at org.springframework.beans.factory.support.DefaultSingletonBeanRegistry.getSingleton(DefaultSingletonBeanRegistry.java:234) ~[spring-beans-6.0.12.jar:6.0.12]
	at org.springframework.beans.factory.support.AbstractBeanFactory.doGetBean(AbstractBeanFactory.java:323) ~[spring-beans-6.0.12.jar:6.0.12]
	at org.springframework.beans.factory.support.AbstractBeanFactory.getBean(AbstractBeanFactory.java:199) ~[spring-beans-6.0.12.jar:6.0.12]
	at org.springframework.beans.factory.config.DependencyDescriptor.resolveCandidate(DependencyDescriptor.java:254) ~[spring-beans-6.0.12.jar:6.0.12]
	at org.springframework.beans.factory.support.DefaultListableBeanFactory.doResolveDependency(DefaultListableBeanFactory.java:1417) ~[spring-beans-6.0.12.jar:6.0.12]
	at org.springframework.beans.factory.support.DefaultListableBeanFactory.resolveDependency(DefaultListableBeanFactory.java:1337) ~[spring-beans-6.0.12.jar:6.0.12]
	at org.springframework.beans.factory.support.ConstructorResolver.resolveAutowiredArgument(ConstructorResolver.java:910) ~[spring-beans-6.0.12.jar:6.0.12]
	at org.springframework.beans.factory.support.ConstructorResolver.createArgumentArray(ConstructorResolver.java:788) ~[spring-beans-6.0.12.jar:6.0.12]
	... 18 more
Caused by: java.lang.IllegalArgumentException: Could not resolve placeholder 'br.com.ether.db.username' in value "${br.com.ether.db.username}"
	at org.springframework.util.PropertyPlaceholderHelper.parseStringValue(PropertyPlaceholderHelper.java:180) ~[spring-core-6.0.12.jar:6.0.12]
	at org.springframework.util.PropertyPlaceholderHelper.replacePlaceholders(PropertyPlaceholderHelper.java:126) ~[spring-core-6.0.12.jar:6.0.12]
	at org.springframework.core.env.AbstractPropertyResolver.doResolvePlaceholders(AbstractPropertyResolver.java:239) ~[spring-core-6.0.12.jar:6.0.12]
	at org.springframework.core.env.AbstractPropertyResolver.resolveRequiredPlaceholders(AbstractPropertyResolver.java:210) ~[spring-core-6.0.12.jar:6.0.12]
	at org.springframework.context.support.PropertySourcesPlaceholderConfigurer.lambda$processProperties$0(PropertySourcesPlaceholderConfigurer.java:200) ~[spring-context-6.0.12.jar:6.0.12]
	at org.springframework.beans.factory.support.AbstractBeanFactory.resolveEmbeddedValue(AbstractBeanFactory.java:918) ~[spring-beans-6.0.12.jar:6.0.12]
	at org.springframework.beans.factory.support.DefaultListableBeanFactory.doResolveDependency(DefaultListableBeanFactory.java:1358) ~[spring-beans-6.0.12.jar:6.0.12]
	at org.springframework.beans.factory.support.DefaultListableBeanFactory.resolveDependency(DefaultListableBeanFactory.java:1337) ~[spring-beans-6.0.12.jar:6.0.12]
	at org.springframework.beans.factory.annotation.AutowiredAnnotationBeanPostProcessor$AutowiredFieldElement.resolveFieldValue(AutowiredAnnotationBeanPostProcessor.java:764) ~[spring-beans-6.0.12.jar:6.0.12]
	at org.springframework.beans.factory.annotation.AutowiredAnnotationBeanPostProcessor$AutowiredFieldElement.inject(AutowiredAnnotationBeanPostProcessor.java:747) ~[spring-beans-6.0.12.jar:6.0.12]
	at org.springframework.beans.factory.annotation.InjectionMetadata.inject(InjectionMetadata.java:145) ~[spring-beans-6.0.12.jar:6.0.12]
	at org.springframework.beans.factory.annotation.AutowiredAnnotationBeanPostProcessor.postProcessProperties(AutowiredAnnotationBeanPostProcessor.java:492) ~[spring-beans-6.0.12.jar:6.0.12]
	at org.springframework.beans.factory.support.AbstractAutowireCapableBeanFactory.populateBean(AbstractAutowireCapableBeanFactory.java:1416) ~[spring-beans-6.0.12.jar:6.0.12]
	at org.springframework.beans.factory.support.AbstractAutowireCapableBeanFactory.doCreateBean(AbstractAutowireCapableBeanFactory.java:597) ~[spring-beans-6.0.12.jar:6.0.12]
	at org.springframework.beans.factory.support.AbstractAutowireCapableBeanFactory.createBean(AbstractAutowireCapableBeanFactory.java:520) ~[spring-beans-6.0.12.jar:6.0.12]
	at org.springframework.beans.factory.support.AbstractBeanFactory.lambda$doGetBean$0(AbstractBeanFactory.java:325) ~[spring-beans-6.0.12.jar:6.0.12]
	at org.springframework.beans.factory.support.DefaultSingletonBeanRegistry.getSingleton(DefaultSingletonBeanRegistry.java:234) ~[spring-beans-6.0.12.jar:6.0.12]
	at org.springframework.beans.factory.support.AbstractBeanFactory.doGetBean(AbstractBeanFactory.java:323) ~[spring-beans-6.0.12.jar:6.0.12]
	at org.springframework.beans.factory.support.AbstractBeanFactory.getBean(AbstractBeanFactory.java:199) ~[spring-beans-6.0.12.jar:6.0.12]
	at org.springframework.beans.factory.config.DependencyDescriptor.resolveCandidate(DependencyDescriptor.java:254) ~[spring-beans-6.0.12.jar:6.0.12]
	at org.springframework.beans.factory.support.DefaultListableBeanFactory.doResolveDependency(DefaultListableBeanFactory.java:1417) ~[spring-beans-6.0.12.jar:6.0.12]
	at org.springframework.beans.factory.support.DefaultListableBeanFactory.resolveDependency(DefaultListableBeanFactory.java:1337) ~[spring-beans-6.0.12.jar:6.0.12]
	at org.springframework.beans.factory.support.ConstructorResolver.resolveAutowiredArgument(ConstructorResolver.java:910) ~[spring-beans-6.0.12.jar:6.0.12]
	at org.springframework.beans.factory.support.ConstructorResolver.createArgumentArray(ConstructorResolver.java:788) ~[spring-beans-6.0.12.jar:6.0.12]
	... 18 more
[INFO ] 2023-10-04 02:57:17.099 [main] EtherApplication - Starting EtherApplication using Java 19.0.2 with PID 7368 (C:\Ether\anf\anf\target\classes started by mathe in C:\Ether\anf\anf)
[INFO ] 2023-10-04 02:57:17.112 [main] EtherApplication - No active profile set, falling back to 1 default profile: "default"
[INFO ] 2023-10-04 02:57:18.127 [main] ETHER - Iniciando a conexão com o banco de dados
[INFO ] 2023-10-04 02:57:18.127 [main] ETHER - URL: jdbc:mysql://localhost:3306/ether
[INFO ] 2023-10-04 02:57:18.127 [main] ETHER - USERNAME: root
[INFO ] 2023-10-04 02:57:18.128 [main] ETHER - PASSWORD: ****
[ERROR] 2023-10-04 02:57:18.848 [main] ETHER - Erro ao conectar com o banco de dados
java.sql.SQLException: Access denied for user 'root'@'localhost' (using password: YES)
	at com.mysql.cj.jdbc.exceptions.SQLError.createSQLException(SQLError.java:130) ~[mysql-connector-j-8.0.33.jar:8.0.33]
	at com.mysql.cj.jdbc.exceptions.SQLExceptionsMapping.translateException(SQLExceptionsMapping.java:122) ~[mysql-connector-j-8.0.33.jar:8.0.33]
	at com.mysql.cj.jdbc.ConnectionImpl.createNewIO(ConnectionImpl.java:825) ~[mysql-connector-j-8.0.33.jar:8.0.33]
	at com.mysql.cj.jdbc.ConnectionImpl.<init>(ConnectionImpl.java:446) ~[mysql-connector-j-8.0.33.jar:8.0.33]
	at com.mysql.cj.jdbc.ConnectionImpl.getInstance(ConnectionImpl.java:239) ~[mysql-connector-j-8.0.33.jar:8.0.33]
	at com.mysql.cj.jdbc.NonRegisteringDriver.connect(NonRegisteringDriver.java:188) ~[mysql-connector-j-8.0.33.jar:8.0.33]
	at java.sql.DriverManager.getConnection(DriverManager.java:683) ~[java.sql:?]
	at java.sql.DriverManager.getConnection(DriverManager.java:230) ~[java.sql:?]
	at br.com.ether.repository.DataBase.connectDB(DataBase.java:52) ~[classes/:?]
	at br.com.ether.applications.anf.controller.ControllerANF.init(ControllerANF.java:44) ~[classes/:?]
	at jdk.internal.reflect.DirectMethodHandleAccessor.invoke(DirectMethodHandleAccessor.java:104) ~[?:?]
	at java.lang.reflect.Method.invoke(Method.java:578) ~[?:?]
	at org.springframework.beans.factory.annotation.InitDestroyAnnotationBeanPostProcessor$LifecycleMethod.invoke(InitDestroyAnnotationBeanPostProcessor.java:457) ~[spring-beans-6.0.12.jar:6.0.12]
	at org.springframework.beans.factory.annotation.InitDestroyAnnotationBeanPostProcessor$LifecycleMetadata.invokeInitMethods(InitDestroyAnnotationBeanPostProcessor.java:401) ~[spring-beans-6.0.12.jar:6.0.12]
	at org.springframework.beans.factory.annotation.InitDestroyAnnotationBeanPostProcessor.postProcessBeforeInitialization(InitDestroyAnnotationBeanPostProcessor.java:219) ~[spring-beans-6.0.12.jar:6.0.12]
	at org.springframework.beans.factory.support.AbstractAutowireCapableBeanFactory.applyBeanPostProcessorsBeforeInitialization(AbstractAutowireCapableBeanFactory.java:419) ~[spring-beans-6.0.12.jar:6.0.12]
	at org.springframework.beans.factory.support.AbstractAutowireCapableBeanFactory.initializeBean(AbstractAutowireCapableBeanFactory.java:1762) ~[spring-beans-6.0.12.jar:6.0.12]
	at org.springframework.beans.factory.support.AbstractAutowireCapableBeanFactory.doCreateBean(AbstractAutowireCapableBeanFactory.java:598) ~[spring-beans-6.0.12.jar:6.0.12]
	at org.springframework.beans.factory.support.AbstractAutowireCapableBeanFactory.createBean(AbstractAutowireCapableBeanFactory.java:520) ~[spring-beans-6.0.12.jar:6.0.12]
	at org.springframework.beans.factory.support.AbstractBeanFactory.lambda$doGetBean$0(AbstractBeanFactory.java:325) ~[spring-beans-6.0.12.jar:6.0.12]
	at org.springframework.beans.factory.support.DefaultSingletonBeanRegistry.getSingleton(DefaultSingletonBeanRegistry.java:234) [spring-beans-6.0.12.jar:6.0.12]
	at org.springframework.beans.factory.support.AbstractBeanFactory.doGetBean(AbstractBeanFactory.java:323) [spring-beans-6.0.12.jar:6.0.12]
	at org.springframework.beans.factory.support.AbstractBeanFactory.getBean(AbstractBeanFactory.java:199) [spring-beans-6.0.12.jar:6.0.12]
	at org.springframework.beans.factory.support.DefaultListableBeanFactory.preInstantiateSingletons(DefaultListableBeanFactory.java:973) [spring-beans-6.0.12.jar:6.0.12]
	at org.springframework.context.support.AbstractApplicationContext.finishBeanFactoryInitialization(AbstractApplicationContext.java:942) [spring-context-6.0.12.jar:6.0.12]
	at org.springframework.context.support.AbstractApplicationContext.refresh(AbstractApplicationContext.java:608) [spring-context-6.0.12.jar:6.0.12]
	at org.springframework.boot.SpringApplication.refresh(SpringApplication.java:737) [spring-boot-3.1.4.jar:3.1.4]
	at org.springframework.boot.SpringApplication.refreshContext(SpringApplication.java:439) [spring-boot-3.1.4.jar:3.1.4]
	at org.springframework.boot.SpringApplication.run(SpringApplication.java:315) [spring-boot-3.1.4.jar:3.1.4]
	at org.springframework.boot.SpringApplication.run(SpringApplication.java:1309) [spring-boot-3.1.4.jar:3.1.4]
	at org.springframework.boot.SpringApplication.run(SpringApplication.java:1298) [spring-boot-3.1.4.jar:3.1.4]
	at br.com.ether.EtherApplication.main(EtherApplication.java:10) [classes/:?]
[ERROR] 2023-10-04 02:57:18.876 [main] ETHER - Tentando novamente em 1 minuto
